make --dry-run --always-make --keep-going --print-directory
make: Entering directory '/mnt/nfs/homes/alambert/Documents/lib42'
gcc -Wall -Wextra -Werror  -c ft_absf.c -o ft_absf.o
gcc -Wall -Wextra -Werror  -c ft_absi.c -o ft_absi.o
gcc -Wall -Wextra -Werror  -c ft_atoi.c -o ft_atoi.o
gcc -Wall -Wextra -Werror  -c ft_bzero.c -o ft_bzero.o
gcc -Wall -Wextra -Werror  -c ft_calloc.c -o ft_calloc.o
gcc -Wall -Wextra -Werror  -c ft_free.c -o ft_free.o
gcc -Wall -Wextra -Werror  -c ft_filesize.c -o ft_filesize.o
gcc -Wall -Wextra -Werror  -c ft_isalnum.c -o ft_isalnum.o
gcc -Wall -Wextra -Werror  -c ft_isalpha.c -o ft_isalpha.o
gcc -Wall -Wextra -Werror  -c ft_isascii.c -o ft_isascii.o
gcc -Wall -Wextra -Werror  -c ft_iscntrl.c -o ft_iscntrl.o
gcc -Wall -Wextra -Werror  -c ft_isdigit.c -o ft_isdigit.o
gcc -Wall -Wextra -Werror  -c ft_islower.c -o ft_islower.o
gcc -Wall -Wextra -Werror  -c ft_isprint.c -o ft_isprint.o
gcc -Wall -Wextra -Werror  -c ft_isspace.c -o ft_isspace.o
gcc -Wall -Wextra -Werror  -c ft_isupper.c -o ft_isupper.o
gcc -Wall -Wextra -Werror  -c ft_itoa.c -o ft_itoa.o
gcc -Wall -Wextra -Werror  -c ft_itoav.c -o ft_itoav.o
gcc -Wall -Wextra -Werror  -c ft_lstadd_back.c -o ft_lstadd_back.o
gcc -Wall -Wextra -Werror  -c ft_lstadd_front.c -o ft_lstadd_front.o
gcc -Wall -Wextra -Werror  -c ft_lstclear.c -o ft_lstclear.o
gcc -Wall -Wextra -Werror  -c ft_lstdelone.c -o ft_lstdelone.o
gcc -Wall -Wextra -Werror  -c ft_lstiter.c -o ft_lstiter.o
gcc -Wall -Wextra -Werror  -c ft_lstlast.c -o ft_lstlast.o
gcc -Wall -Wextra -Werror  -c ft_lstmap.c -o ft_lstmap.o
gcc -Wall -Wextra -Werror  -c ft_lstnew.c -o ft_lstnew.o
gcc -Wall -Wextra -Werror  -c ft_lstsize.c -o ft_lstsize.o
gcc -Wall -Wextra -Werror  -c ft_malgets.c -o ft_malgets.o
gcc -Wall -Wextra -Werror  -c ft_malmove.c -o ft_malmove.o
gcc -Wall -Wextra -Werror  -c ft_memchr.c -o ft_memchr.o
gcc -Wall -Wextra -Werror  -c ft_memcmp.c -o ft_memcmp.o
gcc -Wall -Wextra -Werror  -c ft_memcpy.c -o ft_memcpy.o
gcc -Wall -Wextra -Werror  -c ft_memmove.c -o ft_memmove.o
gcc -Wall -Wextra -Werror  -c ft_memset.c -o ft_memset.o
gcc -Wall -Wextra -Werror  -c ft_putchar_fd.c -o ft_putchar_fd.o
gcc -Wall -Wextra -Werror  -c ft_putchar.c -o ft_putchar.o
gcc -Wall -Wextra -Werror  -c ft_putendl_fd.c -o ft_putendl_fd.o
gcc -Wall -Wextra -Werror  -c ft_putnbr_fd.c -o ft_putnbr_fd.o
gcc -Wall -Wextra -Werror  -c ft_putnbr.c -o ft_putnbr.o
gcc -Wall -Wextra -Werror  -c ft_putstr_fd.c -o ft_putstr_fd.o
gcc -Wall -Wextra -Werror  -c ft_putstr.c -o ft_putstr.o
gcc -Wall -Wextra -Werror  -c ft_sadd.c -o ft_sadd.o
gcc -Wall -Wextra -Werror  -c ft_sdiv.c -o ft_sdiv.o
gcc -Wall -Wextra -Werror  -c ft_smult.c -o ft_smult.o
gcc -Wall -Wextra -Werror  -c ft_split.c -o ft_split.o
gcc -Wall -Wextra -Werror  -c ft_strcat.c -o ft_strcat.o
gcc -Wall -Wextra -Werror  -c ft_strchr.c -o ft_strchr.o
gcc -Wall -Wextra -Werror  -c ft_strcpy.c -o ft_strcpy.o
gcc -Wall -Wextra -Werror  -c ft_strdup.c -o ft_strdup.o
gcc -Wall -Wextra -Werror  -c ft_striteri.c -o ft_striteri.o
gcc -Wall -Wextra -Werror  -c ft_strjoin.c -o ft_strjoin.o
gcc -Wall -Wextra -Werror  -c ft_strlcat.c -o ft_strlcat.o
gcc -Wall -Wextra -Werror  -c ft_strlcpy.c -o ft_strlcpy.o
gcc -Wall -Wextra -Werror  -c ft_strlen.c -o ft_strlen.o
gcc -Wall -Wextra -Werror  -c ft_strncat.c -o ft_strncat.o
gcc -Wall -Wextra -Werror  -c ft_strncpy.c -o ft_strncpy.o
gcc -Wall -Wextra -Werror  -c ft_strmapi.c -o ft_strmapi.o
gcc -Wall -Wextra -Werror  -c ft_strncmp.c -o ft_strncmp.o
gcc -Wall -Wextra -Werror  -c ft_strnlen.c -o ft_strnlen.o
gcc -Wall -Wextra -Werror  -c ft_strnstr.c -o ft_strnstr.o
gcc -Wall -Wextra -Werror  -c ft_strpbrk.c -o ft_strpbrk.o
gcc -Wall -Wextra -Werror  -c ft_strrchr.c -o ft_strrchr.o
gcc -Wall -Wextra -Werror  -c ft_strspncspn.c -o ft_strspncspn.o
gcc -Wall -Wextra -Werror  -c ft_strcspnfb.c -o ft_strcspnfb.o
gcc -Wall -Wextra -Werror  -c ft_strspnfb.c -o ft_strspnfb.o
gcc -Wall -Wextra -Werror  -c ft_strtok_r.c -o ft_strtok_r.o
gcc -Wall -Wextra -Werror  -c ft_strtol.c -o ft_strtol.o
gcc -Wall -Wextra -Werror  -c ft_strtrim.c -o ft_strtrim.o
gcc -Wall -Wextra -Werror  -c ft_substr.c -o ft_substr.o
gcc -Wall -Wextra -Werror  -c ft_tolower.c -o ft_tolower.o
gcc -Wall -Wextra -Werror  -c ft_toupper.c -o ft_toupper.o
gcc -Wall -Wextra -Werror  -c get_next_line.c -o get_next_line.o
ar rcs lib42.a ft_absf.o ft_absi.o ft_atoi.o ft_atoi.o ft_bzero.o ft_calloc.o ft_free.o ft_filesize.o ft_isalnum.o ft_isalpha.o ft_isascii.o ft_iscntrl.o ft_isdigit.o ft_islower.o ft_isprint.o ft_isspace.o ft_isupper.o ft_itoa.o ft_itoav.o ft_lstadd_back.o ft_lstadd_front.o ft_lstclear.o ft_lstdelone.o ft_lstiter.o ft_lstlast.o ft_lstmap.o ft_lstnew.o ft_lstsize.o ft_malgets.o ft_malmove.o ft_memchr.o ft_memcmp.o ft_memcpy.o ft_memmove.o ft_memset.o ft_putchar_fd.o ft_putchar.o ft_putendl_fd.o ft_putnbr_fd.o ft_putnbr.o ft_putstr_fd.o ft_putstr.o ft_sadd.o ft_sdiv.o ft_smult.o ft_split.o ft_strcat.o ft_strchr.o ft_strcpy.o ft_strdup.o ft_striteri.o ft_strjoin.o ft_strlcat.o ft_strlcpy.o ft_strlen.o ft_strncat.o ft_strncpy.o ft_strmapi.o ft_strncmp.o ft_strnlen.o ft_strnstr.o ft_strpbrk.o ft_strrchr.o ft_strspncspn.o ft_strcspnfb.o ft_strspnfb.o ft_strtok_r.o ft_strtol.o ft_strtrim.o ft_substr.o ft_tolower.o ft_toupper.o get_next_line.o
make: Leaving directory '/mnt/nfs/homes/alambert/Documents/lib42'
 
